0 info it worked if it ends with ok
1 verbose cli [ '/usr/local/bin/node', '/usr/local/bin/npm', 'run', 'eslint' ]
2 info using npm@3.10.10
3 info using node@v6.11.5
4 verbose run-script [ 'preeslint', 'eslint', 'posteslint' ]
5 info lifecycle balanced-gym-api@0.0.0~preeslint: balanced-gym-api@0.0.0
6 silly lifecycle balanced-gym-api@0.0.0~preeslint: no script for preeslint, continuing
7 info lifecycle balanced-gym-api@0.0.0~eslint: balanced-gym-api@0.0.0
8 verbose lifecycle balanced-gym-api@0.0.0~eslint: unsafe-perm in lifecycle true
9 verbose lifecycle balanced-gym-api@0.0.0~eslint: PATH: /usr/local/lib/node_modules/npm/bin/node-gyp-bin:/Users/pablou/Documents/cursos/balancedGymApi/node_modules/.bin:/usr/local/bin:/usr/bin:/bin:/usr/sbin:/sbin:/opt/X11/bin:/Library/Frameworks/Mono.framework/Versions/Current/Commands
10 verbose lifecycle balanced-gym-api@0.0.0~eslint: CWD: /Users/pablou/Documents/cursos/balancedGymApi
11 silly lifecycle balanced-gym-api@0.0.0~eslint: Args: [ '-c', 'eslint src/. test/. --config .eslintrc.json' ]
12 info lifecycle balanced-gym-api@0.0.0~eslint: Failed to exec eslint script
13 verbose stack Error: balanced-gym-api@0.0.0 eslint: `eslint src/. test/. --config .eslintrc.json`
13 verbose stack spawn ENOENT
13 verbose stack     at ChildProcess.<anonymous> (/usr/local/lib/node_modules/npm/lib/utils/spawn.js:33:16)
13 verbose stack     at emitTwo (events.js:106:13)
13 verbose stack     at ChildProcess.emit (events.js:191:7)
13 verbose stack     at maybeClose (internal/child_process.js:920:16)
13 verbose stack     at Process.ChildProcess._handle.onexit (internal/child_process.js:230:5)
14 verbose pkgid balanced-gym-api@0.0.0
15 verbose cwd /Users/pablou/Documents/cursos/balancedGymApi
16 error Darwin 16.7.0
17 error argv "/usr/local/bin/node" "/usr/local/bin/npm" "run" "eslint"
18 error node v6.11.5
19 error npm  v3.10.10
20 error file sh
21 error code ELIFECYCLE
22 error errno ENOENT
23 error syscall spawn
24 error balanced-gym-api@0.0.0 eslint: `eslint src/. test/. --config .eslintrc.json`
24 error spawn ENOENT
25 error Failed at the balanced-gym-api@0.0.0 eslint script 'eslint src/. test/. --config .eslintrc.json'.
25 error Make sure you have the latest version of node.js and npm installed.
25 error If you do, this is most likely a problem with the balanced-gym-api package,
25 error not with npm itself.
25 error Tell the author that this fails on your system:
25 error     eslint src/. test/. --config .eslintrc.json
25 error You can get information on how to open an issue for this project with:
25 error     npm bugs balanced-gym-api
25 error Or if that isn't available, you can get their info via:
25 error     npm owner ls balanced-gym-api
25 error There is likely additional logging output above.
26 verbose exit [ 1, true ]
